\BOOKMARK [1][-]{section.1}{\376\377\000\332\000v\000o\000d}{}% 1
\BOOKMARK [2][-]{subsection.1.1}{\376\377\000M\000o\000t\000i\000v\000a\001\015\000n\000\355\000\040\000\372\000l\000o\000h\000a}{section.1}% 2
\BOOKMARK [1][-]{section.2}{\376\377\000Z\000\341\000k\000l\000a\000d\000n\000\355\000\040\000p\000o\000j\000m\000y}{}% 3
\BOOKMARK [2][-]{subsection.2.1}{\376\377\000G\000a\000m\000a\000\040\000f\000u\000n\000k\000c\000e}{section.2}% 4
\BOOKMARK [2][-]{subsection.2.2}{\376\377\000M\000i\000t\000t\000a\000g\000-\000L\000e\000f\000f\000l\000e\000r\000o\000v\000a\000\040\000f\000u\000n\000k\000c\000e}{section.2}% 5
\BOOKMARK [2][-]{subsection.2.3}{\376\377\000D\000e\000f\000i\000n\000i\001\015\000n\000\355\000\040\000o\000b\000o\000r\000\040\000M\000i\000t\000t\000a\000g\000-\000L\000e\000f\000l\000e\000r\000o\000v\000y\000\040\000f\000u\000n\000k\000c\000e}{section.2}% 6
\BOOKMARK [2][-]{subsection.2.4}{\376\377\000V\000\375\000p\000o\001\015\000e\000t\000\040\000f\000u\000n\000k\001\015\000n\000\355\000c\000h\000\040\000h\000o\000d\000n\000o\000t\000\040\000M\000i\000t\000t\000a\000g\000-\000L\000e\000f\000f\000l\000e\000r\000o\000v\000y\000\040\000f\000u\000n\000k\000c\000e}{section.2}% 7
\BOOKMARK [1][-]{section.3}{\376\377\000Z\000l\000o\000m\000k\000o\000v\000\341\000\040\000d\000e\000r\000i\000v\000a\000c\000e\000\040\000a\000\040\000i\000n\000t\000e\000g\000r\000\341\000l}{}% 8
\BOOKMARK [2][-]{subsection.3.1}{\376\377\000D\000e\000f\000i\000n\000i\000c\000e\000\040\000z\000l\000o\000m\000k\000o\000v\000\351\000\040\000d\000e\000r\000i\000v\000a\000c\000e\000\040\000a\000\040\000i\000n\000t\000e\000g\000r\000\341\000l\000u}{section.3}% 9
\BOOKMARK [2][-]{subsection.3.2}{\376\377\000V\000z\000t\000a\000h\000y\000\040\000m\000e\000z\000i\000\040\000n\000e\000c\000e\000l\000o\001\015\000\355\000s\000e\000l\000n\000o\000u\000\040\000a\000\040\000c\000e\000l\000o\001\015\000\355\000s\000e\000l\000n\000o\000u\000\040\000d\000e\000r\000i\000v\000a\000c\000\355}{section.3}% 10
\BOOKMARK [2][-]{subsection.3.3}{\376\377\000D\000a\000l\001\141\000\355\000\040\000v\000l\000a\000s\000t\000n\000o\000s\000t\000i\000\040\000z\000l\000o\000m\000k\000o\000v\000\351\000\040\000d\000e\000r\000i\000v\000a\000c\000e}{section.3}% 11
\BOOKMARK [1][-]{section.4}{\376\377\000Z\000l\000o\000m\000k\000o\000v\000\351\000\040\000d\000i\000f\000e\000r\000e\000n\000c\000i\000\341\000l\000n\000\355\000\040\000r\000o\000v\000n\000i\000c\000e}{}% 12
\BOOKMARK [2][-]{subsection.4.1}{\376\377\000E\000x\000i\000s\000t\000e\000n\000c\000e\000\040\000a\000\040\000j\000e\000d\000n\000o\000z\000n\000a\001\015\000n\000o\000s\000t\000\040\001\131\000e\001\141\000e\000n\000\355}{section.4}% 13
\BOOKMARK [1][-]{section.5}{\376\377\000V\000y\000u\001\176\000i\000t\000\355\000\040\000z\000l\000o\000m\000k\000o\000v\000\375\000c\000h\000\040\000d\000i\000f\000e\000r\000e\000n\000c\000i\000\341\000l\000n\000\355\000c\000h\000\040\000r\000o\000v\000n\000i\000c}{}% 14
\BOOKMARK [2][-]{subsection.5.1}{\376\377\000T\000l\000u\000m\000e\000n\000\375\000\040\000h\000a\000r\000m\000o\000n\000i\000c\000k\000\375\000\040\000o\000s\000c\000i\000l\000\341\000t\000o\000r}{section.5}% 15
\BOOKMARK [2][-]{subsection.5.2}{\376\377\000N\000u\000c\000e\000n\000\351\000\040\000k\000m\000i\000t\000y}{section.5}% 16
\BOOKMARK [1][-]{section.6}{\376\377\000N\000u\000m\000e\000r\000i\000c\000k\000\351\000\040\000m\000e\000t\000o\000d\000y\000\040\000p\000r\000o\000\040\000z\000l\000o\000m\000k\000o\000v\000\351\000\040\000d\000i\000f\000e\000r\000e\000n\000c\000i\000\341\000l\000n\000\355\000\040\000r\000o\000v\000n\000i\000c\000e}{}% 17
\BOOKMARK [2][-]{subsection.6.1}{\376\377\000Z\000\341\000k\000l\000a\000d\000n\000\355\000\040\000p\000o\000j\000m\000y\000\040\000n\000u\000m\000e\000r\000i\000c\000k\000\351\000h\000o\000\040\000p\000o\001\015\000t\000u}{section.6}% 18
\BOOKMARK [2][-]{subsection.6.2}{\376\377\000A\000l\000g\000o\000r\000i\000t\000m\000y\000\040\000p\000r\000o\000\040\000v\000\375\000p\000o\001\015\000e\000t\000\040\000C\000a\000p\000u\000t\000o\000v\000y\000\040\000d\000e\000r\000i\000v\000a\000c\000e}{section.6}% 19
\BOOKMARK [2][-]{subsection.6.3}{\376\377\000A\000l\000g\000o\000r\000i\000t\000m\000y\000\040\000p\000r\000o\000\040\001\131\000e\001\141\000e\000n\000\355\000\040\000d\000i\000f\000e\000r\000e\000n\000c\000i\000\341\000l\000n\000\355\000c\000h\000\040\000r\000o\000v\000n\000i\000c\000\040\000C\000a\000p\000u\000t\000o\000v\000a\000\040\000t\000y\000p\000u}{section.6}% 20
\BOOKMARK [1][-]{section.7}{\376\377\000T\000e\000s\000t\000o\000v\000a\000c\000\355\000\040\000\372\000l\000o\000h\000y}{}% 21
\BOOKMARK [1][-]{section.8}{\376\377\000Z\000\341\000v\001\033\000r}{}% 22
